<?xml version="1.0" encoding="UTF-8"?>
<testng-results skipped="0" failed="0" ignored="0" total="1" passed="1">
  <reporter-output>
  </reporter-output>
  <suite name="Suite" duration-ms="30742" started-at="2020-08-15T04:33:21Z" finished-at="2020-08-15T04:33:51Z">
    <groups>
      <group name="cucumber">
        <method signature="AbstractTestNGCucumberTests.runScenario(cucumber.api.testng.PickleEventWrapper, cucumber.api.testng.CucumberFeatureWrapper)[pri:0, instance:com.runner.ZooplaRunner@ec756bd]" name="runScenario" class="cucumber.api.testng.AbstractTestNGCucumberTests"/>
      </group> <!-- cucumber -->
    </groups>
    <test name="Test" duration-ms="30742" started-at="2020-08-15T04:33:21Z" finished-at="2020-08-15T04:33:51Z">
      <class name="com.runner.ZooplaRunner">
        <test-method status="PASS" signature="setUpClass()[pri:0, instance:com.runner.ZooplaRunner@ec756bd]" name="setUpClass" is-config="true" duration-ms="239" started-at="2020-08-15T04:33:21Z" finished-at="2020-08-15T04:33:21Z">
          <reporter-output>
          </reporter-output>
        </test-method> <!-- setUpClass -->
        <test-method status="PASS" signature="runScenario(cucumber.api.testng.PickleEventWrapper, cucumber.api.testng.CucumberFeatureWrapper)[pri:0, instance:com.runner.ZooplaRunner@ec756bd]" name="runScenario" duration-ms="30386" started-at="2020-08-15T04:33:21Z" description="Runs Cucumber Scenarios" data-provider="scenarios" finished-at="2020-08-15T04:33:51Z">
          <params>
            <param index="0">
              <value>
                <![CDATA["Search Property"]]>
              </value>
            </param>
            <param index="1">
              <value>
                <![CDATA["Zoopla Automation"]]>
              </value>
            </param>
          </params>
          <reporter-output>
          </reporter-output>
        </test-method> <!-- runScenario -->
        <test-method status="PASS" signature="tearDownClass()[pri:0, instance:com.runner.ZooplaRunner@ec756bd]" name="tearDownClass" is-config="true" duration-ms="54" started-at="2020-08-15T04:33:51Z" finished-at="2020-08-15T04:33:51Z">
          <reporter-output>
          </reporter-output>
        </test-method> <!-- tearDownClass -->
      </class> <!-- com.runner.ZooplaRunner -->
    </test> <!-- Test -->
  </suite> <!-- Suite -->
</testng-results>
